  OS07_01.cpp
D:\Univer\5sem\OS\Lab_06\OS07_01\OS07_01.cpp(25,2): error C4235: использовано нестандартное расширение: ключевое слово "__asm" данной архитектурой не поддерживается
D:\Univer\5sem\OS\Lab_06\OS07_01\OS07_01.cpp(28,3): error C2065: lock: необъявленный идентификатор
D:\Univer\5sem\OS\Lab_06\OS07_01\OS07_01.cpp(28,8): error C2146: синтаксическая ошибка: отсутствие ";" перед идентификатором "bts"
D:\Univer\5sem\OS\Lab_06\OS07_01\OS07_01.cpp(28,8): error C2065: bts: необъявленный идентификатор
D:\Univer\5sem\OS\Lab_06\OS07_01\OS07_01.cpp(28,12): error C2146: синтаксическая ошибка: отсутствие ";" перед идентификатором "check"
D:\Univer\5sem\OS\Lab_06\OS07_01\OS07_01.cpp(29,3): error C2065: jc: необъявленный идентификатор
D:\Univer\5sem\OS\Lab_06\OS07_01\OS07_01.cpp(29,6): error C2146: синтаксическая ошибка: отсутствие ";" перед идентификатором "CriticalSection"
D:\Univer\5sem\OS\Lab_06\OS07_01\OS07_01.cpp(29,6): error C2065: CriticalSection: необъявленный идентификатор
D:\Univer\5sem\OS\Lab_06\OS07_01\OS07_01.cpp(30,2): error C2143: синтаксическая ошибка: отсутствие ";" перед "}"
D:\Univer\5sem\OS\Lab_06\OS07_01\OS07_01.cpp(38,2): error C4235: использовано нестандартное расширение: ключевое слово "__asm" данной архитектурой не поддерживается
D:\Univer\5sem\OS\Lab_06\OS07_01\OS07_01.cpp(38,7): error C2065: lock: необъявленный идентификатор
D:\Univer\5sem\OS\Lab_06\OS07_01\OS07_01.cpp(38,12): error C2146: синтаксическая ошибка: отсутствие ";" перед идентификатором "btr"
D:\Univer\5sem\OS\Lab_06\OS07_01\OS07_01.cpp(38,12): error C2065: btr: необъявленный идентификатор
D:\Univer\5sem\OS\Lab_06\OS07_01\OS07_01.cpp(38,16): error C2146: синтаксическая ошибка: отсутствие ";" перед идентификатором "check"
D:\Univer\5sem\OS\Lab_06\OS07_01\OS07_01.cpp(39,1): error C2143: синтаксическая ошибка: отсутствие ";" перед "}"
